2023-08-15 22:09:36,668 INFO o.a.j.u.JMeterUtils: Setting Locale to zh_CN
2023-08-15 22:09:36,684 INFO o.a.j.JMeter: Loading user properties from: /Users/z.m/Desktop/apache-jmeter-5.6.2/bin/user.properties
2023-08-15 22:09:36,685 INFO o.a.j.JMeter: Loading system properties from: /Users/z.m/Desktop/apache-jmeter-5.6.2/bin/system.properties
2023-08-15 22:09:36,687 INFO o.a.j.JMeter: Copyright (c) 1998-2023 The Apache Software Foundation
2023-08-15 22:09:36,687 INFO o.a.j.JMeter: Version 5.6.2
2023-08-15 22:09:36,688 INFO o.a.j.JMeter: java.version=19.0.1
2023-08-15 22:09:36,688 INFO o.a.j.JMeter: java.vm.name=Java HotSpot(TM) 64-Bit Server VM
2023-08-15 22:09:36,688 INFO o.a.j.JMeter: os.name=Mac OS X
2023-08-15 22:09:36,688 INFO o.a.j.JMeter: os.arch=aarch64
2023-08-15 22:09:36,688 INFO o.a.j.JMeter: os.version=12.5
2023-08-15 22:09:36,688 INFO o.a.j.JMeter: file.encoding=UTF-8
2023-08-15 22:09:36,688 INFO o.a.j.JMeter: java.awt.headless=null
2023-08-15 22:09:36,688 INFO o.a.j.JMeter: Max memory     =4294967296
2023-08-15 22:09:36,688 INFO o.a.j.JMeter: Available Processors =8
2023-08-15 22:09:36,693 INFO o.a.j.JMeter: Default Locale=中文 (简体，中国)
2023-08-15 22:09:36,693 INFO o.a.j.JMeter: JMeter  Locale=中文 (中国)
2023-08-15 22:09:36,693 INFO o.a.j.JMeter: JMeterHome=/Users/z.m/Desktop/apache-jmeter-5.6.2
2023-08-15 22:09:36,693 INFO o.a.j.JMeter: user.dir  =/Users/z.m/pythonProject/Tips_Demo
2023-08-15 22:09:36,693 INFO o.a.j.JMeter: PWD       =/Users/z.m/pythonProject/Tips_Demo
2023-08-15 22:09:36,698 INFO o.a.j.JMeter: IP: 192.168.3.28 Name: ZM.local FullName: 192.168.3.28
2023-08-15 22:09:36,705 INFO o.a.j.JMeter: Loaded icon properties from org/apache/jmeter/images/icon.properties
2023-08-15 22:09:36,877 INFO o.a.j.JMeterGuiLauncher: Setting LAF to: com.github.weisj.darklaf.DarkLaf:com.github.weisj.darklaf.theme.DarculaTheme
2023-08-15 22:09:56,677 INFO o.a.j.s.FileServer: Default base='/Users/z.m/pythonProject/Tips_Demo'
2023-08-15 22:09:56,679 INFO o.a.j.g.a.Load: Loading file: /Users/z.m/Desktop/apache-jmeter-5.6.2/Test_demo/soap_01.jmx
2023-08-15 22:09:56,679 INFO o.a.j.s.FileServer: Set new base='/Users/z.m/Desktop/apache-jmeter-5.6.2/Test_demo'
2023-08-15 22:09:56,768 INFO o.a.j.s.SaveService: Testplan (JMX) version: 2.2. Testlog (JTL) version: 2.2
2023-08-15 22:09:56,783 INFO o.a.j.s.SaveService: Using SaveService properties version 5.0
2023-08-15 22:09:56,784 INFO o.a.j.s.SaveService: Using SaveService properties file encoding UTF-8
2023-08-15 22:09:56,785 INFO o.a.j.s.SaveService: Loading file: /Users/z.m/Desktop/apache-jmeter-5.6.2/Test_demo/soap_01.jmx
2023-08-15 22:09:56,797 INFO o.a.j.p.h.s.HTTPSamplerBase: Parser for text/html is org.apache.jmeter.protocol.http.parser.LagartoBasedHtmlParser
2023-08-15 22:09:56,797 INFO o.a.j.p.h.s.HTTPSamplerBase: Parser for application/xhtml+xml is org.apache.jmeter.protocol.http.parser.LagartoBasedHtmlParser
2023-08-15 22:09:56,797 INFO o.a.j.p.h.s.HTTPSamplerBase: Parser for application/xml is org.apache.jmeter.protocol.http.parser.LagartoBasedHtmlParser
2023-08-15 22:09:56,797 INFO o.a.j.p.h.s.HTTPSamplerBase: Parser for text/xml is org.apache.jmeter.protocol.http.parser.LagartoBasedHtmlParser
2023-08-15 22:09:56,797 INFO o.a.j.p.h.s.HTTPSamplerBase: Parser for text/vnd.wap.wml is org.apache.jmeter.protocol.http.parser.RegexpHTMLParser
2023-08-15 22:09:56,797 INFO o.a.j.p.h.s.HTTPSamplerBase: Parser for text/css is org.apache.jmeter.protocol.http.parser.CssParser
2023-08-15 22:09:56,857 INFO o.a.j.s.SampleResult: Note: Sample TimeStamps are START times
2023-08-15 22:09:56,857 INFO o.a.j.s.SampleResult: sampleresult.default.encoding is set to UTF-8
2023-08-15 22:09:56,857 INFO o.a.j.s.SampleResult: sampleresult.useNanoTime=true
2023-08-15 22:09:56,857 INFO o.a.j.s.SampleResult: sampleresult.nanoThreadSleep=5000
2023-08-15 22:09:56,964 INFO o.a.j.s.FileServer: Set new base='/Users/z.m/Desktop/apache-jmeter-5.6.2/Test_demo'
2023-08-15 22:10:04,481 INFO o.a.j.e.StandardJMeterEngine: Running the test!
2023-08-15 22:10:04,481 INFO o.a.j.s.SampleEvent: List of sample_variables: []
2023-08-15 22:10:04,481 INFO o.a.j.s.SampleEvent: List of sample_variables: []
2023-08-15 22:10:04,482 INFO o.a.j.e.u.CompoundVariable: Note: Function class names must contain the string: '.functions.'
2023-08-15 22:10:04,482 INFO o.a.j.e.u.CompoundVariable: Note: Function class names must not contain the string: '.gui.'
2023-08-15 22:10:04,509 INFO o.a.j.g.u.JMeterMenuBar: setRunning(true, *local*)
2023-08-15 22:10:04,529 INFO o.a.j.e.StandardJMeterEngine: Starting ThreadGroup: 1 : 线程组
2023-08-15 22:10:04,529 INFO o.a.j.e.StandardJMeterEngine: Starting 1 threads for group 线程组.
2023-08-15 22:10:04,529 INFO o.a.j.e.StandardJMeterEngine: Thread will continue on error
2023-08-15 22:10:04,530 INFO o.a.j.t.ThreadGroup: Starting thread group... number=1 threads=1 ramp-up=1 delayedStart=false
2023-08-15 22:10:04,532 INFO o.a.j.t.ThreadGroup: Started thread group number 1
2023-08-15 22:10:04,532 INFO o.a.j.e.StandardJMeterEngine: All thread groups have been started
2023-08-15 22:10:04,532 INFO o.a.j.t.JMeterThread: Thread started: 线程组 1-1
2023-08-15 22:10:04,538 INFO o.a.j.p.h.s.HTTPHCAbstractImpl: Local host = ZM.local
2023-08-15 22:10:04,542 INFO o.a.j.p.h.s.HTTPHC4Impl: HTTP request retry count = 0
2023-08-15 22:11:36,158 INFO o.a.j.g.a.Start: Stopping test
2023-08-15 22:11:36,180 INFO o.a.j.t.JMeterThread: Stopping: 线程组 1-1
2023-08-15 22:11:36,180 WARN o.a.j.t.JMeterThread: Interrupting: 线程组 1-1 sampler: HTTP请求
2023-08-15 22:11:36,186 INFO o.a.j.t.JMeterThread: Thread is done: 线程组 1-1
2023-08-15 22:11:36,186 INFO o.a.j.t.JMeterThread: Thread finished: 线程组 1-1
2023-08-15 22:11:36,186 INFO o.a.j.e.StandardJMeterEngine: Notifying test listeners of end of test
2023-08-15 22:11:36,187 INFO o.a.j.g.u.JMeterMenuBar: setRunning(false, *local*)
2023-08-15 22:14:27,489 INFO o.a.j.e.StandardJMeterEngine: Running the test!
2023-08-15 22:14:27,490 INFO o.a.j.s.SampleEvent: List of sample_variables: []
2023-08-15 22:14:27,491 INFO o.a.j.g.u.JMeterMenuBar: setRunning(true, *local*)
2023-08-15 22:14:27,521 INFO o.a.j.e.StandardJMeterEngine: Starting ThreadGroup: 1 : 线程组
2023-08-15 22:14:27,521 INFO o.a.j.e.StandardJMeterEngine: Starting 1 threads for group 线程组.
2023-08-15 22:14:27,521 INFO o.a.j.e.StandardJMeterEngine: Thread will continue on error
2023-08-15 22:14:27,521 INFO o.a.j.t.ThreadGroup: Starting thread group... number=1 threads=1 ramp-up=1 delayedStart=false
2023-08-15 22:14:27,522 INFO o.a.j.t.ThreadGroup: Started thread group number 1
2023-08-15 22:14:27,522 INFO o.a.j.e.StandardJMeterEngine: All thread groups have been started
2023-08-15 22:14:27,522 INFO o.a.j.t.JMeterThread: Thread started: 线程组 1-1
2023-08-15 22:14:27,523 INFO o.a.j.t.JMeterThread: Thread is done: 线程组 1-1
2023-08-15 22:14:27,523 INFO o.a.j.t.JMeterThread: Thread finished: 线程组 1-1
2023-08-15 22:14:27,523 INFO o.a.j.e.StandardJMeterEngine: Notifying test listeners of end of test
2023-08-15 22:14:27,523 INFO o.a.j.g.u.JMeterMenuBar: setRunning(false, *local*)
2023-08-15 22:14:42,860 INFO o.a.j.e.StandardJMeterEngine: Running the test!
2023-08-15 22:14:42,860 INFO o.a.j.s.SampleEvent: List of sample_variables: []
2023-08-15 22:14:42,861 INFO o.a.j.g.u.JMeterMenuBar: setRunning(true, *local*)
2023-08-15 22:14:42,892 INFO o.a.j.e.StandardJMeterEngine: Starting ThreadGroup: 1 : 线程组
2023-08-15 22:14:42,892 INFO o.a.j.e.StandardJMeterEngine: Starting 1 threads for group 线程组.
2023-08-15 22:14:42,892 INFO o.a.j.e.StandardJMeterEngine: Thread will continue on error
2023-08-15 22:14:42,892 INFO o.a.j.t.ThreadGroup: Starting thread group... number=1 threads=1 ramp-up=1 delayedStart=false
2023-08-15 22:14:42,893 INFO o.a.j.t.ThreadGroup: Started thread group number 1
2023-08-15 22:14:42,893 INFO o.a.j.e.StandardJMeterEngine: All thread groups have been started
2023-08-15 22:14:42,893 INFO o.a.j.t.JMeterThread: Thread started: 线程组 1-1
2023-08-15 22:14:45,153 INFO o.a.j.g.a.Start: Stopping test
2023-08-15 22:14:45,168 INFO o.a.j.t.JMeterThread: Stopping: 线程组 1-1
2023-08-15 22:14:45,169 WARN o.a.j.t.JMeterThread: Interrupting: 线程组 1-1 sampler: HTTP请求
2023-08-15 22:14:45,170 INFO o.a.j.t.JMeterThread: Thread is done: 线程组 1-1
2023-08-15 22:14:45,170 INFO o.a.j.t.JMeterThread: Thread finished: 线程组 1-1
2023-08-15 22:14:45,170 INFO o.a.j.e.StandardJMeterEngine: Notifying test listeners of end of test
2023-08-15 22:14:45,170 INFO o.a.j.g.u.JMeterMenuBar: setRunning(false, *local*)
2023-08-15 22:15:55,382 INFO o.a.j.e.StandardJMeterEngine: Running the test!
2023-08-15 22:15:55,382 INFO o.a.j.s.SampleEvent: List of sample_variables: []
2023-08-15 22:15:55,382 INFO o.a.j.g.u.JMeterMenuBar: setRunning(true, *local*)
2023-08-15 22:15:55,409 INFO o.a.j.e.StandardJMeterEngine: Starting ThreadGroup: 1 : 线程组
2023-08-15 22:15:55,409 INFO o.a.j.e.StandardJMeterEngine: Starting 1 threads for group 线程组.
2023-08-15 22:15:55,409 INFO o.a.j.e.StandardJMeterEngine: Thread will continue on error
2023-08-15 22:15:55,409 INFO o.a.j.t.ThreadGroup: Starting thread group... number=1 threads=1 ramp-up=1 delayedStart=false
2023-08-15 22:15:55,410 INFO o.a.j.t.ThreadGroup: Started thread group number 1
2023-08-15 22:15:55,410 INFO o.a.j.e.StandardJMeterEngine: All thread groups have been started
2023-08-15 22:15:55,410 INFO o.a.j.t.JMeterThread: Thread started: 线程组 1-1
2023-08-15 22:15:55,410 INFO o.a.j.t.JMeterThread: Thread is done: 线程组 1-1
2023-08-15 22:15:55,410 INFO o.a.j.t.JMeterThread: Thread finished: 线程组 1-1
2023-08-15 22:15:55,411 INFO o.a.j.e.StandardJMeterEngine: Notifying test listeners of end of test
2023-08-15 22:15:55,411 INFO o.a.j.g.u.JMeterMenuBar: setRunning(false, *local*)
2023-08-15 22:17:37,154 INFO o.a.j.e.StandardJMeterEngine: Running the test!
2023-08-15 22:17:37,155 INFO o.a.j.s.SampleEvent: List of sample_variables: []
2023-08-15 22:17:37,156 INFO o.a.j.g.u.JMeterMenuBar: setRunning(true, *local*)
2023-08-15 22:17:37,183 INFO o.a.j.e.StandardJMeterEngine: Starting ThreadGroup: 1 : 线程组
2023-08-15 22:17:37,183 INFO o.a.j.e.StandardJMeterEngine: Starting 1 threads for group 线程组.
2023-08-15 22:17:37,183 INFO o.a.j.e.StandardJMeterEngine: Thread will continue on error
2023-08-15 22:17:37,183 INFO o.a.j.t.ThreadGroup: Starting thread group... number=1 threads=1 ramp-up=1 delayedStart=false
2023-08-15 22:17:37,184 INFO o.a.j.t.ThreadGroup: Started thread group number 1
2023-08-15 22:17:37,184 INFO o.a.j.e.StandardJMeterEngine: All thread groups have been started
2023-08-15 22:17:37,184 INFO o.a.j.t.JMeterThread: Thread started: 线程组 1-1
2023-08-15 22:17:39,132 INFO o.a.j.g.a.Start: Stopping test
2023-08-15 22:17:39,152 INFO o.a.j.t.JMeterThread: Stopping: 线程组 1-1
2023-08-15 22:17:39,153 WARN o.a.j.t.JMeterThread: Interrupting: 线程组 1-1 sampler: HTTP请求
2023-08-15 22:17:39,154 INFO o.a.j.t.JMeterThread: Thread is done: 线程组 1-1
2023-08-15 22:17:39,154 INFO o.a.j.t.JMeterThread: Thread finished: 线程组 1-1
2023-08-15 22:17:39,154 INFO o.a.j.e.StandardJMeterEngine: Notifying test listeners of end of test
2023-08-15 22:17:39,154 INFO o.a.j.g.u.JMeterMenuBar: setRunning(false, *local*)
2023-08-15 22:20:48,087 INFO o.a.j.e.StandardJMeterEngine: Running the test!
2023-08-15 22:20:48,088 INFO o.a.j.s.SampleEvent: List of sample_variables: []
2023-08-15 22:20:48,089 INFO o.a.j.g.u.JMeterMenuBar: setRunning(true, *local*)
2023-08-15 22:20:48,116 INFO o.a.j.e.StandardJMeterEngine: Starting ThreadGroup: 1 : 线程组
2023-08-15 22:20:48,116 INFO o.a.j.e.StandardJMeterEngine: Starting 1 threads for group 线程组.
2023-08-15 22:20:48,116 INFO o.a.j.e.StandardJMeterEngine: Thread will continue on error
2023-08-15 22:20:48,116 INFO o.a.j.t.ThreadGroup: Starting thread group... number=1 threads=1 ramp-up=1 delayedStart=false
2023-08-15 22:20:48,117 INFO o.a.j.t.ThreadGroup: Started thread group number 1
2023-08-15 22:20:48,117 INFO o.a.j.e.StandardJMeterEngine: All thread groups have been started
2023-08-15 22:20:48,117 INFO o.a.j.t.JMeterThread: Thread started: 线程组 1-1
2023-08-15 22:20:57,553 INFO o.a.j.g.a.Start: Stopping test
2023-08-15 22:20:57,573 INFO o.a.j.t.JMeterThread: Stopping: 线程组 1-1
2023-08-15 22:20:57,574 WARN o.a.j.t.JMeterThread: Interrupting: 线程组 1-1 sampler: HTTP请求
2023-08-15 22:20:57,575 INFO o.a.j.t.JMeterThread: Thread is done: 线程组 1-1
2023-08-15 22:20:57,575 INFO o.a.j.t.JMeterThread: Thread finished: 线程组 1-1
2023-08-15 22:20:57,575 INFO o.a.j.e.StandardJMeterEngine: Notifying test listeners of end of test
2023-08-15 22:20:57,575 INFO o.a.j.g.u.JMeterMenuBar: setRunning(false, *local*)
2023-08-15 22:21:38,364 INFO o.a.j.e.StandardJMeterEngine: Running the test!
2023-08-15 22:21:38,365 INFO o.a.j.s.SampleEvent: List of sample_variables: []
2023-08-15 22:21:38,366 INFO o.a.j.g.u.JMeterMenuBar: setRunning(true, *local*)
2023-08-15 22:21:38,396 INFO o.a.j.e.StandardJMeterEngine: Starting ThreadGroup: 1 : 线程组
2023-08-15 22:21:38,396 INFO o.a.j.e.StandardJMeterEngine: Starting 1 threads for group 线程组.
2023-08-15 22:21:38,396 INFO o.a.j.e.StandardJMeterEngine: Thread will continue on error
2023-08-15 22:21:38,396 INFO o.a.j.t.ThreadGroup: Starting thread group... number=1 threads=1 ramp-up=1 delayedStart=false
2023-08-15 22:21:38,396 INFO o.a.j.t.ThreadGroup: Started thread group number 1
2023-08-15 22:21:38,396 INFO o.a.j.e.StandardJMeterEngine: All thread groups have been started
2023-08-15 22:21:38,397 INFO o.a.j.t.JMeterThread: Thread started: 线程组 1-1
2023-08-15 22:21:40,497 INFO o.a.j.g.a.Start: Stopping test
2023-08-15 22:21:40,513 INFO o.a.j.t.JMeterThread: Stopping: 线程组 1-1
2023-08-15 22:21:40,514 WARN o.a.j.t.JMeterThread: Interrupting: 线程组 1-1 sampler: HTTP请求
2023-08-15 22:21:40,515 INFO o.a.j.t.JMeterThread: Thread is done: 线程组 1-1
2023-08-15 22:21:40,515 INFO o.a.j.t.JMeterThread: Thread finished: 线程组 1-1
2023-08-15 22:21:40,515 INFO o.a.j.e.StandardJMeterEngine: Notifying test listeners of end of test
2023-08-15 22:21:40,515 INFO o.a.j.g.u.JMeterMenuBar: setRunning(false, *local*)
2023-08-15 22:25:43,795 INFO o.a.j.e.StandardJMeterEngine: Running the test!
2023-08-15 22:25:43,796 INFO o.a.j.s.SampleEvent: List of sample_variables: []
2023-08-15 22:25:43,796 INFO o.a.j.g.u.JMeterMenuBar: setRunning(true, *local*)
2023-08-15 22:25:43,826 INFO o.a.j.e.StandardJMeterEngine: Starting ThreadGroup: 1 : 线程组
2023-08-15 22:25:43,826 INFO o.a.j.e.StandardJMeterEngine: Starting 1 threads for group 线程组.
2023-08-15 22:25:43,826 INFO o.a.j.e.StandardJMeterEngine: Thread will continue on error
2023-08-15 22:25:43,826 INFO o.a.j.t.ThreadGroup: Starting thread group... number=1 threads=1 ramp-up=1 delayedStart=false
2023-08-15 22:25:43,827 INFO o.a.j.t.ThreadGroup: Started thread group number 1
2023-08-15 22:25:43,827 INFO o.a.j.e.StandardJMeterEngine: All thread groups have been started
2023-08-15 22:25:43,827 INFO o.a.j.t.JMeterThread: Thread started: 线程组 1-1
2023-08-15 22:25:46,737 INFO o.a.j.g.a.Start: Stopping test
2023-08-15 22:25:46,754 INFO o.a.j.t.JMeterThread: Stopping: 线程组 1-1
2023-08-15 22:25:46,755 WARN o.a.j.t.JMeterThread: Interrupting: 线程组 1-1 sampler: HTTP请求
2023-08-15 22:25:46,756 INFO o.a.j.t.JMeterThread: Thread is done: 线程组 1-1
2023-08-15 22:25:46,756 INFO o.a.j.t.JMeterThread: Thread finished: 线程组 1-1
2023-08-15 22:25:46,757 INFO o.a.j.e.StandardJMeterEngine: Notifying test listeners of end of test
2023-08-15 22:25:46,757 INFO o.a.j.g.u.JMeterMenuBar: setRunning(false, *local*)
2023-08-15 22:26:06,695 INFO o.a.j.e.StandardJMeterEngine: Running the test!
2023-08-15 22:26:06,696 INFO o.a.j.s.SampleEvent: List of sample_variables: []
2023-08-15 22:26:06,696 INFO o.a.j.g.u.JMeterMenuBar: setRunning(true, *local*)
2023-08-15 22:26:06,731 INFO o.a.j.e.StandardJMeterEngine: Starting ThreadGroup: 1 : 线程组
2023-08-15 22:26:06,731 INFO o.a.j.e.StandardJMeterEngine: Starting 1 threads for group 线程组.
2023-08-15 22:26:06,731 INFO o.a.j.e.StandardJMeterEngine: Test will stop on error
2023-08-15 22:26:06,732 INFO o.a.j.t.ThreadGroup: Starting thread group... number=1 threads=1 ramp-up=1 delayedStart=false
2023-08-15 22:26:06,732 INFO o.a.j.t.ThreadGroup: Started thread group number 1
2023-08-15 22:26:06,732 INFO o.a.j.e.StandardJMeterEngine: All thread groups have been started
2023-08-15 22:26:06,732 INFO o.a.j.t.JMeterThread: Thread started: 线程组 1-1
2023-08-15 22:26:10,435 INFO o.a.j.g.a.Start: Stopping test
2023-08-15 22:26:10,453 INFO o.a.j.t.JMeterThread: Stopping: 线程组 1-1
2023-08-15 22:26:10,454 WARN o.a.j.t.JMeterThread: Interrupting: 线程组 1-1 sampler: HTTP请求
2023-08-15 22:26:10,455 INFO o.a.j.t.JMeterThread: Shutdown Test detected by thread: 线程组 1-1
2023-08-15 22:26:10,455 INFO o.a.j.t.JMeterThread: Thread is done: 线程组 1-1
2023-08-15 22:26:10,455 INFO o.a.j.t.JMeterThread: Thread finished: 线程组 1-1
2023-08-15 22:26:10,455 INFO o.a.j.e.StandardJMeterEngine: Notifying test listeners of end of test
2023-08-15 22:26:10,456 INFO o.a.j.g.u.JMeterMenuBar: setRunning(false, *local*)
2023-08-15 22:26:30,763 INFO o.a.j.e.StandardJMeterEngine: Running the test!
2023-08-15 22:26:30,763 INFO o.a.j.s.SampleEvent: List of sample_variables: []
2023-08-15 22:26:30,764 INFO o.a.j.g.u.JMeterMenuBar: setRunning(true, *local*)
2023-08-15 22:26:30,802 INFO o.a.j.e.StandardJMeterEngine: Starting ThreadGroup: 1 : 线程组
2023-08-15 22:26:30,802 INFO o.a.j.e.StandardJMeterEngine: Starting 1 threads for group 线程组.
2023-08-15 22:26:30,802 INFO o.a.j.e.StandardJMeterEngine: Test will stop on error
2023-08-15 22:26:30,802 INFO o.a.j.t.ThreadGroup: Starting thread group... number=1 threads=1 ramp-up=1 delayedStart=false
2023-08-15 22:26:30,802 INFO o.a.j.t.ThreadGroup: Started thread group number 1
2023-08-15 22:26:30,802 INFO o.a.j.e.StandardJMeterEngine: All thread groups have been started
2023-08-15 22:26:30,802 INFO o.a.j.t.JMeterThread: Thread started: 线程组 1-1
2023-08-15 22:26:33,385 INFO o.a.j.g.a.Start: Stopping test
2023-08-15 22:26:33,403 INFO o.a.j.t.JMeterThread: Stopping: 线程组 1-1
2023-08-15 22:26:33,404 WARN o.a.j.t.JMeterThread: Interrupting: 线程组 1-1 sampler: HTTP请求
2023-08-15 22:26:33,404 INFO o.a.j.t.JMeterThread: Shutdown Test detected by thread: 线程组 1-1
2023-08-15 22:26:33,405 INFO o.a.j.t.JMeterThread: Thread is done: 线程组 1-1
2023-08-15 22:26:33,405 INFO o.a.j.t.JMeterThread: Thread finished: 线程组 1-1
2023-08-15 22:26:33,405 INFO o.a.j.e.StandardJMeterEngine: Notifying test listeners of end of test
2023-08-15 22:26:33,405 INFO o.a.j.g.u.JMeterMenuBar: setRunning(false, *local*)
2023-08-15 22:36:56,424 INFO o.a.j.e.StandardJMeterEngine: Running the test!
2023-08-15 22:36:56,425 INFO o.a.j.s.SampleEvent: List of sample_variables: []
2023-08-15 22:36:56,426 INFO o.a.j.g.u.JMeterMenuBar: setRunning(true, *local*)
2023-08-15 22:36:56,459 INFO o.a.j.e.StandardJMeterEngine: Starting ThreadGroup: 1 : 线程组
2023-08-15 22:36:56,459 INFO o.a.j.e.StandardJMeterEngine: Starting 1 threads for group 线程组.
2023-08-15 22:36:56,459 INFO o.a.j.e.StandardJMeterEngine: Test will stop on error
2023-08-15 22:36:56,459 INFO o.a.j.t.ThreadGroup: Starting thread group... number=1 threads=1 ramp-up=1 delayedStart=false
2023-08-15 22:36:56,459 INFO o.a.j.t.ThreadGroup: Started thread group number 1
2023-08-15 22:36:56,459 INFO o.a.j.e.StandardJMeterEngine: All thread groups have been started
2023-08-15 22:36:56,459 INFO o.a.j.t.JMeterThread: Thread started: 线程组 1-1
2023-08-15 22:36:56,613 INFO o.a.j.t.JMeterThread: Shutdown Test detected by thread: 线程组 1-1
2023-08-15 22:36:56,613 INFO o.a.j.t.JMeterThread: Thread is done: 线程组 1-1
2023-08-15 22:36:56,613 INFO o.a.j.t.JMeterThread: Thread finished: 线程组 1-1
2023-08-15 22:36:56,614 INFO o.a.j.t.JMeterThread: Stopping: 线程组 1-1
2023-08-15 22:36:56,615 INFO o.a.j.e.StandardJMeterEngine: Notifying test listeners of end of test
2023-08-15 22:36:56,615 INFO o.a.j.g.u.JMeterMenuBar: setRunning(false, *local*)
2023-08-15 22:37:30,518 INFO o.a.j.e.StandardJMeterEngine: Running the test!
2023-08-15 22:37:30,518 INFO o.a.j.s.SampleEvent: List of sample_variables: []
2023-08-15 22:37:30,519 INFO o.a.j.g.u.JMeterMenuBar: setRunning(true, *local*)
2023-08-15 22:37:30,551 INFO o.a.j.e.StandardJMeterEngine: Starting ThreadGroup: 1 : 线程组
2023-08-15 22:37:30,551 INFO o.a.j.e.StandardJMeterEngine: Starting 1 threads for group 线程组.
2023-08-15 22:37:30,551 INFO o.a.j.e.StandardJMeterEngine: Test will stop on error
2023-08-15 22:37:30,551 INFO o.a.j.t.ThreadGroup: Starting thread group... number=1 threads=1 ramp-up=1 delayedStart=false
2023-08-15 22:37:30,552 INFO o.a.j.t.ThreadGroup: Started thread group number 1
2023-08-15 22:37:30,552 INFO o.a.j.e.StandardJMeterEngine: All thread groups have been started
2023-08-15 22:37:30,552 INFO o.a.j.t.JMeterThread: Thread started: 线程组 1-1
2023-08-15 22:37:33,749 INFO o.a.j.g.a.Start: Stopping test
2023-08-15 22:37:33,768 INFO o.a.j.t.JMeterThread: Stopping: 线程组 1-1
2023-08-15 22:37:33,769 WARN o.a.j.t.JMeterThread: Interrupting: 线程组 1-1 sampler: HTTP请求
2023-08-15 22:37:33,770 INFO o.a.j.t.JMeterThread: Shutdown Test detected by thread: 线程组 1-1
2023-08-15 22:37:33,770 INFO o.a.j.t.JMeterThread: Thread is done: 线程组 1-1
2023-08-15 22:37:33,770 INFO o.a.j.t.JMeterThread: Thread finished: 线程组 1-1
2023-08-15 22:37:33,771 INFO o.a.j.e.StandardJMeterEngine: Notifying test listeners of end of test
2023-08-15 22:37:33,771 INFO o.a.j.g.u.JMeterMenuBar: setRunning(false, *local*)
2023-08-15 22:38:27,888 INFO o.a.j.e.StandardJMeterEngine: Running the test!
2023-08-15 22:38:27,889 INFO o.a.j.s.SampleEvent: List of sample_variables: []
2023-08-15 22:38:27,889 INFO o.a.j.g.u.JMeterMenuBar: setRunning(true, *local*)
2023-08-15 22:38:27,920 INFO o.a.j.e.StandardJMeterEngine: Starting ThreadGroup: 1 : 线程组
2023-08-15 22:38:27,920 INFO o.a.j.e.StandardJMeterEngine: Starting 1 threads for group 线程组.
2023-08-15 22:38:27,920 INFO o.a.j.e.StandardJMeterEngine: Test will stop on error
2023-08-15 22:38:27,920 INFO o.a.j.t.ThreadGroup: Starting thread group... number=1 threads=1 ramp-up=1 delayedStart=false
2023-08-15 22:38:27,920 INFO o.a.j.t.ThreadGroup: Started thread group number 1
2023-08-15 22:38:27,920 INFO o.a.j.e.StandardJMeterEngine: All thread groups have been started
2023-08-15 22:38:27,920 INFO o.a.j.t.JMeterThread: Thread started: 线程组 1-1
2023-08-15 22:38:31,544 INFO o.a.j.g.a.Start: Stopping test
2023-08-15 22:38:31,562 INFO o.a.j.t.JMeterThread: Stopping: 线程组 1-1
2023-08-15 22:38:31,562 WARN o.a.j.t.JMeterThread: Interrupting: 线程组 1-1 sampler: HTTP请求
2023-08-15 22:38:31,563 INFO o.a.j.t.JMeterThread: Shutdown Test detected by thread: 线程组 1-1
2023-08-15 22:38:31,564 INFO o.a.j.t.JMeterThread: Thread is done: 线程组 1-1
2023-08-15 22:38:31,564 INFO o.a.j.t.JMeterThread: Thread finished: 线程组 1-1
2023-08-15 22:38:31,564 INFO o.a.j.e.StandardJMeterEngine: Notifying test listeners of end of test
2023-08-15 22:38:31,564 INFO o.a.j.g.u.JMeterMenuBar: setRunning(false, *local*)
2023-08-15 22:39:28,602 INFO o.a.j.e.StandardJMeterEngine: Running the test!
2023-08-15 22:39:28,603 INFO o.a.j.s.SampleEvent: List of sample_variables: []
2023-08-15 22:39:28,603 INFO o.a.j.g.u.JMeterMenuBar: setRunning(true, *local*)
2023-08-15 22:39:28,634 INFO o.a.j.e.StandardJMeterEngine: Starting ThreadGroup: 1 : 线程组
2023-08-15 22:39:28,634 INFO o.a.j.e.StandardJMeterEngine: Starting 1 threads for group 线程组.
2023-08-15 22:39:28,634 INFO o.a.j.e.StandardJMeterEngine: Test will stop on error
2023-08-15 22:39:28,634 INFO o.a.j.t.ThreadGroup: Starting thread group... number=1 threads=1 ramp-up=1 delayedStart=false
2023-08-15 22:39:28,634 INFO o.a.j.t.ThreadGroup: Started thread group number 1
2023-08-15 22:39:28,634 INFO o.a.j.e.StandardJMeterEngine: All thread groups have been started
2023-08-15 22:39:28,634 INFO o.a.j.t.JMeterThread: Thread started: 线程组 1-1
2023-08-15 22:39:32,422 INFO o.a.j.g.a.Start: Stopping test
2023-08-15 22:39:32,439 INFO o.a.j.t.JMeterThread: Stopping: 线程组 1-1
2023-08-15 22:39:32,440 WARN o.a.j.t.JMeterThread: Interrupting: 线程组 1-1 sampler: HTTP请求
2023-08-15 22:39:32,441 INFO o.a.j.t.JMeterThread: Shutdown Test detected by thread: 线程组 1-1
2023-08-15 22:39:32,441 INFO o.a.j.t.JMeterThread: Thread is done: 线程组 1-1
2023-08-15 22:39:32,441 INFO o.a.j.t.JMeterThread: Thread finished: 线程组 1-1
2023-08-15 22:39:32,441 INFO o.a.j.e.StandardJMeterEngine: Notifying test listeners of end of test
2023-08-15 22:39:32,442 INFO o.a.j.g.u.JMeterMenuBar: setRunning(false, *local*)
2023-08-15 22:40:43,107 INFO o.a.j.e.StandardJMeterEngine: Running the test!
2023-08-15 22:40:43,107 INFO o.a.j.s.SampleEvent: List of sample_variables: []
2023-08-15 22:40:43,108 INFO o.a.j.g.u.JMeterMenuBar: setRunning(true, *local*)
2023-08-15 22:40:43,139 INFO o.a.j.e.StandardJMeterEngine: Starting ThreadGroup: 1 : 线程组
2023-08-15 22:40:43,139 INFO o.a.j.e.StandardJMeterEngine: Starting 1 threads for group 线程组.
2023-08-15 22:40:43,140 INFO o.a.j.e.StandardJMeterEngine: Test will stop on error
2023-08-15 22:40:43,140 INFO o.a.j.t.ThreadGroup: Starting thread group... number=1 threads=1 ramp-up=1 delayedStart=false
2023-08-15 22:40:43,140 INFO o.a.j.t.ThreadGroup: Started thread group number 1
2023-08-15 22:40:43,140 INFO o.a.j.e.StandardJMeterEngine: All thread groups have been started
2023-08-15 22:40:43,140 INFO o.a.j.t.JMeterThread: Thread started: 线程组 1-1
2023-08-15 22:40:45,956 INFO o.a.j.g.a.Start: Stopping test
2023-08-15 22:40:45,973 INFO o.a.j.t.JMeterThread: Stopping: 线程组 1-1
2023-08-15 22:40:45,974 WARN o.a.j.t.JMeterThread: Interrupting: 线程组 1-1 sampler: HTTP请求
2023-08-15 22:40:45,974 INFO o.a.j.t.JMeterThread: Shutdown Test detected by thread: 线程组 1-1
2023-08-15 22:40:45,975 INFO o.a.j.t.JMeterThread: Thread is done: 线程组 1-1
2023-08-15 22:40:45,975 INFO o.a.j.t.JMeterThread: Thread finished: 线程组 1-1
2023-08-15 22:40:45,975 INFO o.a.j.e.StandardJMeterEngine: Notifying test listeners of end of test
2023-08-15 22:40:45,975 INFO o.a.j.g.u.JMeterMenuBar: setRunning(false, *local*)
